#
# A fatal error has been detected by the Java Runtime Environment:
#
#  EXCEPTION_ACCESS_VIOLATION (0xc0000005) at pc=0x000000005e701fba, pid=8728, tid=0x0000000000002184
#
# JRE version: OpenJDK Runtime Environment (8.0_112-b06) (build 1.8.0_112-release-b06)
# Java VM: OpenJDK 64-Bit Server VM (25.112-b06 mixed mode windows-amd64 compressed oops)
# Problematic frame:
# V  [jvm.dll+0x3c1fba]
#
# Failed to write core dump. Minidumps are not enabled by default on client versions of Windows
#
# If you would like to submit a bug report, please visit:
#   http://bugreport.java.com/bugreport/crash.jsp
#

---------------  T H R E A D  ---------------

Current thread (0x000000000288d000):  GCTaskThread [stack: 0x0000000012ca0000,0x0000000012da0000] [id=8580]

siginfo: ExceptionCode=0xc0000005, reading address 0x0000000000000139

Registers:
RAX=0x0000000000000031, RBX=0x0000000000000847, RCX=0x00000006c2616480, RDX=0x000000000295e210
RSP=0x0000000012d9fb60, RBP=0x0000000000000000, RSI=0x000000000295e210, RDI=0x0000000000000002
R8 =0x00000006c103e080, R9 =0x00000006c2616480, R10=0x000000000000000c, R11=0x0000000000000848
R12=0x000000005e950fe8, R13=0x00000000028844a0, R14=0x000000000288d570, R15=0x0000000000000000
RIP=0x000000005e701fba, EFLAGS=0x0000000000010202

Top of Stack: (sp=0x0000000012d9fb60)
0x0000000012d9fb60:   000000001c823280 0000000000000000
0x0000000012d9fb70:   000000000295e210 000000005e950fe8
0x0000000012d9fb80:   00000006c8a229c8 000000005e705ef8
0x0000000012d9fb90:   000000005eb018f0 0000000000000005
0x0000000012d9fba0:   0000000700000000 000000005e4542f9
0x0000000012d9fbb0:   00000006c0f2c634 000000005e42ea86
0x0000000012d9fbc0:   00000006c8a229c8 00000000028844a0
0x0000000012d9fbd0:   000000000288d580 000000000288d570
0x0000000012d9fbe0:   000000005e950fe8 0000000000000002
0x0000000012d9fbf0:   000000001f44f5d0 0000000000000000
0x0000000012d9fc00:   000000000295e210 000000005e6ff95f
0x0000000012d9fc10:   00000006c103e080 0000000000000000
0x0000000012d9fc20:   000000001f44f5d0 000000005e950fe8
0x0000000012d9fc30:   000000076bce10f8 0000000000000200
0x0000000012d9fc40:   000000001f44f5d0 000000005e6fce6e
0x0000000012d9fc50:   0000000059e2f02d 000000000288d000 

Instructions: (pc=0x000000005e701fba)
0x000000005e701f9a:   00 74 28 8b 0d b5 66 39 00 45 8b 48 08 48 8b d6
0x000000005e701faa:   49 d3 e1 4c 03 0d 9c 66 39 00 49 8b c9 49 8b 01
0x000000005e701fba:   ff 90 08 01 00 00 e9 1b ff ff ff 4d 8b 48 08 48
0x000000005e701fca:   8b d6 49 8b 01 49 8b c9 ff 90 08 01 00 00 e9 03 


Register to memory mapping:

RAX=0x0000000000000031 is an unknown value
RBX=0x0000000000000847 is an unknown value
RCX=0x00000006c2616480 is an oop
com.android.dx.rop.code.RegisterSpecList 
 - klass: 'com/android/dx/rop/code/RegisterSpecList'
RDX=0x000000000295e210 is an unknown value
RSP=0x0000000012d9fb60 is an unknown value
RBP=0x0000000000000000 is an unknown value
RSI=0x000000000295e210 is an unknown value
RDI=0x0000000000000002 is an unknown value
R8 =0x00000006c103e080 is pointing into object: 0x00000006c103e070
com.android.dx.dex.code.CodeAddress 
 - klass: 'com/android/dx/dex/code/CodeAddress'
R9 =0x00000006c2616480 is an oop
com.android.dx.rop.code.RegisterSpecList 
 - klass: 'com/android/dx/rop/code/RegisterSpecList'
R10=0x000000000000000c is an unknown value
R11=0x0000000000000848 is an unknown value
R12=0x000000005e950fe8 is an unknown value
R13=0x00000000028844a0 is an unknown value
R14=0x000000000288d570 is an unknown value
R15=0x0000000000000000 is an unknown value


Stack: [0x0000000012ca0000,0x0000000012da0000],  sp=0x0000000012d9fb60,  free space=1022k
Native frames: (J=compiled Java code, j=interpreted, Vv=VM code, C=native code)


---------------  P R O C E S S  ---------------

Java Threads: ( => current thread )
  0x000000001dc08800 JavaThread "pool-2-thread-4" [_thread_blocked, id=2948, stack(0x000000001e3a0000,0x000000001e4a0000)]
  0x000000001dc07000 JavaThread "pool-2-thread-3" [_thread_blocked, id=4552, stack(0x000000001e2a0000,0x000000001e3a0000)]
  0x000000001dc06800 JavaThread "pool-2-thread-2" [_thread_blocked, id=5544, stack(0x000000001e1a0000,0x000000001e2a0000)]
  0x000000001dc36000 JavaThread "pool-3-thread-1" [_thread_blocked, id=6796, stack(0x000000001e0a0000,0x000000001e1a0000)]
  0x000000001dc2d800 JavaThread "pool-2-thread-1" [_thread_blocked, id=1824, stack(0x000000001dfa0000,0x000000001e0a0000)]
  0x000000001d9c5000 JavaThread "Service Thread" daemon [_thread_blocked, id=5924, stack(0x000000001dda0000,0x000000001dea0000)]
  0x000000001c048800 JavaThread "C1 CompilerThread2" daemon [_thread_blocked, id=2260, stack(0x000000001d8a0000,0x000000001d9a0000)]
  0x000000001c041000 JavaThread "C2 CompilerThread1" daemon [_thread_blocked, id=6476, stack(0x000000001d7a0000,0x000000001d8a0000)]
  0x000000001c03e000 JavaThread "C2 CompilerThread0" daemon [_thread_blocked, id=3440, stack(0x000000001d6a0000,0x000000001d7a0000)]
  0x000000001c03c800 JavaThread "Attach Listener" daemon [_thread_blocked, id=6308, stack(0x000000001d5a0000,0x000000001d6a0000)]
  0x000000001c03b000 JavaThread "Signal Dispatcher" daemon [_thread_blocked, id=7124, stack(0x000000001d4a0000,0x000000001d5a0000)]
  0x000000001c028000 JavaThread "Finalizer" daemon [_thread_blocked, id=9004, stack(0x000000001d2b0000,0x000000001d3b0000)]
  0x0000000002963800 JavaThread "Reference Handler" daemon [_thread_blocked, id=2264, stack(0x000000001d1b0000,0x000000001d2b0000)]
  0x0000000002873800 JavaThread "main" [_thread_blocked, id=9748, stack(0x0000000002770000,0x0000000002870000)]

Other Threads:
  0x000000001c005000 VMThread [stack: 0x000000001d0b0000,0x000000001d1b0000] [id=6976]
  0x000000001c085800 WatcherThread [stack: 0x000000001dea0000,0x000000001dfa0000] [id=7348]

=>0x000000000288d000 (exited) GCTaskThread [stack: 0x0000000012ca0000,0x0000000012da0000] [id=8580]

VM state:at safepoint (normal execution)

VM Mutex/Monitor currently owned by a thread:  ([mutex/lock_event])
[0x0000000002870bd0] Threads_lock - owner thread: 0x000000001c005000
[0x0000000002870550] Heap_lock - owner thread: 0x000000001dc07000

Heap:
 PSYoungGen      total 497152K, used 433152K [0x000000076ab00000, 0x0000000790000000, 0x00000007c0000000)
  eden space 433152K, 100% used [0x000000076ab00000,0x0000000785200000,0x0000000785200000)
  from space 64000K, 0% used [0x0000000789200000,0x0000000789200000,0x000000078d080000)
  to   space 48640K, 83% used [0x000000078d080000,0x000000078f84ba68,0x0000000790000000)
 ParOldGen       total 333312K, used 206312K [0x00000006c0000000, 0x00000006d4580000, 0x000000076ab00000)
  object space 333312K, 61% used [0x00000006c0000000,0x00000006cc97a238,0x00000006d4580000)
 Metaspace       used 6580K, capacity 7282K, committed 7552K, reserved 1056768K
  class space    used 599K, capacity 618K, committed 640K, reserved 1048576K

Card table byte_map: [0x0000000011d30000,0x0000000012540000] byte_map_base: 0x000000000e730000

Marking Bits: (ParMarkBitMap*) 0x000000005eb018f0
 Begin Bits: [0x0000000012ea0000, 0x0000000016ea0000)
 End Bits:   [0x0000000016ea0000, 0x000000001aea0000)

Polling page: 0x0000000002570000

CodeCache: size=245760Kb used=10635Kb max_used=10653Kb free=235125Kb
 bounds [0x0000000002970000, 0x00000000033f0000, 0x0000000011970000]
 total_blobs=2543 nmethods=2273 adapters=183
 compilation: enabled

Compilation events (10 events):
Event: 9.645 Thread 0x000000001c048800 2442       2       java.util.TimSort::gallopRight (335 bytes)
Event: 9.646 Thread 0x000000001c048800 nmethod 2442 0x000000000336cb50 code [0x000000000336cd00, 0x000000000336d2f8]
Event: 9.648 Thread 0x000000001c03e000 nmethod 2426 0x00000000033d7750 code [0x00000000033d7b60, 0x00000000033dbfb8]
Event: 9.649 Thread 0x000000001c03e000 2425   !   4       com.android.dx.cf.code.BytecodeArray::parseInstruction (2764 bytes)
Event: 9.844 Thread 0x000000001c048800 2444       2       com.android.dx.rop.cst.CstLiteral64::<init> (10 bytes)
Event: 9.844 Thread 0x000000001c048800 nmethod 2444 0x00000000033a08d0 code [0x00000000033a0a20, 0x00000000033a0b70]
Event: 9.881 Thread 0x000000001c048800 2446       2       com.android.dx.cf.direct.StdAttributeFactory::runtimeVisibleAnnotations (44 bytes)
Event: 9.881 Thread 0x000000001c048800 nmethod 2446 0x00000000033c5390 code [0x00000000033c5520, 0x00000000033c5898]
Event: 9.901 Thread 0x000000001c048800 2447       2       com.android.dx.cf.direct.AnnotationParser::parseConstant (74 bytes)
Event: 9.903 Thread 0x000000001c048800 nmethod 2447 0x00000000033c34d0 code [0x00000000033c37a0, 0x00000000033c44e8]

GC Heap History (10 events):
Event: 3.894 GC heap after
Heap after GC invocations=8 (full 1):
 PSYoungGen      total 292352K, used 14263K [0x000000076ab00000, 0x0000000790f00000, 0x00000007c0000000)
  eden space 261120K, 0% used [0x000000076ab00000,0x000000076ab00000,0x000000077aa00000)
  from space 31232K, 45% used [0x000000077aa00000,0x000000077b7ede48,0x000000077c880000)
  to   space 52224K, 0% used [0x000000078dc00000,0x000000078dc00000,0x0000000790f00000)
 ParOldGen       total 172032K, used 87512K [0x00000006c0000000, 0x00000006ca800000, 0x000000076ab00000)
  object space 172032K, 50% used [0x00000006c0000000,0x00000006c55760a8,0x00000006ca800000)
 Metaspace       used 6514K, capacity 7218K, committed 7296K, reserved 1056768K
  class space    used 598K, capacity 618K, committed 640K, reserved 1048576K
}
Event: 4.653 GC heap before
{Heap before GC invocations=9 (full 1):
 PSYoungGen      total 292352K, used 275383K [0x000000076ab00000, 0x0000000790f00000, 0x00000007c0000000)
  eden space 261120K, 100% used [0x000000076ab00000,0x000000077aa00000,0x000000077aa00000)
  from space 31232K, 45% used [0x000000077aa00000,0x000000077b7ede48,0x000000077c880000)
  to   space 52224K, 0% used [0x000000078dc00000,0x000000078dc00000,0x0000000790f00000)
 ParOldGen       total 172032K, used 87512K [0x00000006c0000000, 0x00000006ca800000, 0x000000076ab00000)
  object space 172032K, 50% used [0x00000006c0000000,0x00000006c55760a8,0x00000006ca800000)
 Metaspace       used 6543K, capacity 7282K, committed 7552K, reserved 1056768K
  class space    used 599K, capacity 618K, committed 640K, reserved 1048576K
Event: 4.720 GC heap after
Heap after GC invocations=9 (full 1):
 PSYoungGen      total 403456K, used 52199K [0x000000076ab00000, 0x0000000790f00000, 0x00000007c0000000)
  eden space 351232K, 0% used [0x000000076ab00000,0x000000076ab00000,0x0000000780200000)
  from space 52224K, 99% used [0x000000078dc00000,0x0000000790ef9dc8,0x0000000790f00000)
  to   space 64000K, 0% used [0x0000000789200000,0x0000000789200000,0x000000078d080000)
 ParOldGen       total 172032K, used 92527K [0x00000006c0000000, 0x00000006ca800000, 0x000000076ab00000)
  object space 172032K, 53% used [0x00000006c0000000,0x00000006c5a5bc00,0x00000006ca800000)
 Metaspace       used 6543K, capacity 7282K, committed 7552K, reserved 1056768K
  class space    used 599K, capacity 618K, committed 640K, reserved 1048576K
}
Event: 5.665 GC heap before
{Heap before GC invocations=10 (full 1):
 PSYoungGen      total 403456K, used 403431K [0x000000076ab00000, 0x0000000790f00000, 0x00000007c0000000)
  eden space 351232K, 100% used [0x000000076ab00000,0x0000000780200000,0x0000000780200000)
  from space 52224K, 99% used [0x000000078dc00000,0x0000000790ef9dc8,0x0000000790f00000)
  to   space 64000K, 0% used [0x0000000789200000,0x0000000789200000,0x000000078d080000)
 ParOldGen       total 172032K, used 92527K [0x00000006c0000000, 0x00000006ca800000, 0x000000076ab00000)
  object space 172032K, 53% used [0x00000006c0000000,0x00000006c5a5bc00,0x00000006ca800000)
 Metaspace       used 6554K, capacity 7282K, committed 7552K, reserved 1056768K
  class space    used 599K, capacity 618K, committed 640K, reserved 1048576K
Event: 5.804 GC heap after
Heap after GC invocations=10 (full 1):
 PSYoungGen      total 497152K, used 63987K [0x000000076ab00000, 0x0000000790000000, 0x00000007c0000000)
  eden space 433152K, 0% used [0x000000076ab00000,0x000000076ab00000,0x0000000785200000)
  from space 64000K, 99% used [0x0000000789200000,0x000000078d07cf10,0x000000078d080000)
  to   space 48640K, 0% used [0x000000078d080000,0x000000078d080000,0x0000000790000000)
 ParOldGen       total 172032K, used 127841K [0x00000006c0000000, 0x00000006ca800000, 0x000000076ab00000)
  object space 172032K, 74% used [0x00000006c0000000,0x00000006c7cd85d0,0x00000006ca800000)
 Metaspace       used 6554K, capacity 7282K, committed 7552K, reserved 1056768K
  class space    used 599K, capacity 618K, committed 640K, reserved 1048576K
}
Event: 6.979 GC heap before
{Heap before GC invocations=11 (full 1):
 PSYoungGen      total 497152K, used 497139K [0x000000076ab00000, 0x0000000790000000, 0x00000007c0000000)
  eden space 433152K, 100% used [0x000000076ab00000,0x0000000785200000,0x0000000785200000)
  from space 64000K, 99% used [0x0000000789200000,0x000000078d07cf10,0x000000078d080000)
  to   space 48640K, 0% used [0x000000078d080000,0x000000078d080000,0x0000000790000000)
 ParOldGen       total 172032K, used 127841K [0x00000006c0000000, 0x00000006ca800000, 0x000000076ab00000)
  object space 172032K, 74% used [0x00000006c0000000,0x00000006c7cd85d0,0x00000006ca800000)
 Metaspace       used 6575K, capacity 7282K, committed 7552K, reserved 1056768K
  class space    used 599K, capacity 618K, committed 640K, reserved 1048576K
Event: 7.270 GC heap after
Heap after GC invocations=11 (full 1):
 PSYoungGen      total 497152K, used 497139K [0x000000076ab00000, 0x0000000790000000, 0x00000007c0000000)
  eden space 433152K, 100% used [0x000000076ab00000,0x0000000785200000,0x0000000785200000)
  from space 64000K, 99% used [0x0000000789200000,0x000000078d07cf10,0x000000078d080000)
  to   space 48640K, 99% used [0x000000078d080000,0x000000078fffc0c0,0x0000000790000000)
 ParOldGen       total 206336K, used 206292K [0x00000006c0000000, 0x00000006cc980000, 0x000000076ab00000)
  object space 206336K, 99% used [0x00000006c0000000,0x00000006cc975108,0x00000006cc980000)
 Metaspace       used 6575K, capacity 7282K, committed 7552K, reserved 1056768K
  class space    used 599K, capacity 618K, committed 640K, reserved 1048576K
}
Event: 7.270 GC heap before
{Heap before GC invocations=12 (full 2):
 PSYoungGen      total 497152K, used 497139K [0x000000076ab00000, 0x0000000790000000, 0x00000007c0000000)
  eden space 433152K, 100% used [0x000000076ab00000,0x0000000785200000,0x0000000785200000)
  from space 64000K, 99% used [0x0000000789200000,0x000000078d07cf10,0x000000078d080000)
  to   space 48640K, 99% used [0x000000078d080000,0x000000078fffc0c0,0x0000000790000000)
 ParOldGen       total 206336K, used 206292K [0x00000006c0000000, 0x00000006cc980000, 0x000000076ab00000)
  object space 206336K, 99% used [0x00000006c0000000,0x00000006cc975108,0x00000006cc980000)
 Metaspace       used 6575K, capacity 7282K, committed 7552K, reserved 1056768K
  class space    used 599K, capacity 618K, committed 640K, reserved 1048576K
Event: 8.540 GC heap after
Heap after GC invocations=12 (full 2):
 PSYoungGen      total 497152K, used 0K [0x000000076ab00000, 0x0000000790000000, 0x00000007c0000000)
  eden space 433152K, 0% used [0x000000076ab00000,0x000000076ab00000,0x0000000785200000)
  from space 64000K, 0% used [0x0000000789200000,0x0000000789200000,0x000000078d080000)
  to   space 48640K, 83% used [0x000000078d080000,0x000000078f84ba68,0x0000000790000000)
 ParOldGen       total 333312K, used 206312K [0x00000006c0000000, 0x00000006d4580000, 0x000000076ab00000)
  object space 333312K, 61% used [0x00000006c0000000,0x00000006cc97a238,0x00000006d4580000)
 Metaspace       used 6575K, capacity 7282K, committed 7552K, reserved 1056768K
  class space    used 599K, capacity 618K, committed 640K, reserved 1048576K
}
Event: 9.983 GC heap before
{Heap before GC invocations=13 (full 3):
 PSYoungGen      total 497152K, used 433152K [0x000000076ab00000, 0x0000000790000000, 0x00000007c0000000)
  eden space 433152K, 100% used [0x000000076ab00000,0x0000000785200000,0x0000000785200000)
  from space 64000K, 0% used [0x0000000789200000,0x0000000789200000,0x000000078d080000)
  to   space 48640K, 83% used [0x000000078d080000,0x000000078f84ba68,0x0000000790000000)
 ParOldGen       total 333312K, used 206312K [0x00000006c0000000, 0x00000006d4580000, 0x000000076ab00000)
  object space 333312K, 61% used [0x00000006c0000000,0x00000006cc97a238,0x00000006d4580000)
 Metaspace       used 6580K, capacity 7282K, committed 7552K, reserved 1056768K
  class space    used 599K, capacity 618K, committed 640K, reserved 1048576K

Deoptimization events (10 events):
Event: 5.807 Thread 0x000000001dc06800 Uncommon trap: reason=bimorphic action=maybe_recompile pc=0x00000000032194d4 method=com.android.dx.cf.code.BytecodeArray.parseInstruction(ILcom/android/dx/cf/code/BytecodeArray$Visitor;)I @ 1525
Event: 5.975 Thread 0x0000000002873800 Uncommon trap: reason=unstable_if action=reinterpret pc=0x0000000002abffdc method=java.util.regex.Pattern$BnM.match(Ljava/util/regex/Matcher;ILjava/lang/CharSequence;)Z @ 34
Event: 6.362 Thread 0x000000001dc2d800 Uncommon trap: reason=unstable_if action=reinterpret pc=0x0000000003080484 method=com.android.dx.rop.code.LocalItem.compareHandlesNulls(Lcom/android/dx/rop/cst/CstString;Lcom/android/dx/rop/cst/CstString;)I @ 14
Event: 6.367 Thread 0x000000001dc2d800 Uncommon trap: reason=unstable_if action=reinterpret pc=0x00000000031331a8 method=com.android.dx.rop.code.LocalItem.compareHandlesNulls(Lcom/android/dx/rop/cst/CstString;Lcom/android/dx/rop/cst/CstString;)I @ 14
Event: 6.433 Thread 0x000000001dc2d800 Uncommon trap: reason=bimorphic action=maybe_recompile pc=0x000000000331dfac method=com.android.dx.cf.code.BytecodeArray.parseInstruction(ILcom/android/dx/cf/code/BytecodeArray$Visitor;)I @ 1549
Event: 6.433 Thread 0x000000001dc2d800 Uncommon trap: reason=bimorphic action=maybe_recompile pc=0x000000000331dfac method=com.android.dx.cf.code.BytecodeArray.parseInstruction(ILcom/android/dx/cf/code/BytecodeArray$Visitor;)I @ 1549
Event: 6.555 Thread 0x000000001dc06800 Uncommon trap: reason=class_check action=maybe_recompile pc=0x000000000317f204 method=com.android.dx.ssa.SCCP.simulateBranch(Lcom/android/dx/ssa/SsaInsn;)V @ 339
Event: 6.562 Thread 0x000000001dc06800 Uncommon trap: reason=class_check action=maybe_recompile pc=0x000000000317f204 method=com.android.dx.ssa.SCCP.simulateBranch(Lcom/android/dx/ssa/SsaInsn;)V @ 339
Event: 9.193 Thread 0x000000001dc08800 Uncommon trap: reason=bimorphic action=maybe_recompile pc=0x000000000337ef44 method=com.android.dx.cf.code.BytecodeArray.parseInstruction(ILcom/android/dx/cf/code/BytecodeArray$Visitor;)I @ 2554
Event: 9.194 Thread 0x000000001dc08800 Uncommon trap: reason=bimorphic action=maybe_recompile pc=0x000000000337ef44 method=com.android.dx.cf.code.BytecodeArray.parseInstruction(ILcom/android/dx/cf/code/BytecodeArray$Visitor;)I @ 2554

Internal exceptions (8 events):
Event: 0.031 Thread 0x0000000002873800 Exception <a 'java/lang/NoSuchMethodError': Method sun.misc.Unsafe.defineClass(Ljava/lang/String;[BII)Ljava/lang/Class; name or signature does not match> (0x000000076ab07c78) thrown at [C:\src\android\AOSP-openjdk\external\jetbrains\jdk\hotspot\src\share\vp¯ç÷ÒÊŸ?
Event: 0.031 Thread 0x0000000002873800 Exception <a 'java/lang/NoSuchMethodError': Method sun.misc.Unsafe.prefetchRead(Ljava/lang/Object;J)V name or signature does not match> (0x000000076ab07f60) thrown at [C:\src\android\AOSP-openjdk\external\jetbrains\jdk\hotspot\src\share\vm\prims\jni.cpp, l:VkŠ©Àé?
Event: 0.805 Thread 0x000000001dc08800 Implicit null exception at 0x0000000002ccc3b5 to 0x0000000002ccea25
Event: 0.829 Thread 0x000000001dc08800 Exception <a 'java/lang/ArrayIndexOutOfBoundsException': 18> (0x000000076b862638) thrown at [C:\src\android\AOSP-openjdk\external\jetbrains\jdk\hotspot\src\share\vm\interpreter\interpreterRuntime.cpp, line 366]
Event: 0.829 Thread 0x000000001dc08800 Exception <a 'java/lang/ArrayIndexOutOfBoundsException': 145> (0x000000076b8641b8) thrown at [C:\src\android\AOSP-openjdk\external\jetbrains\jdk\hotspot\src\share\vm\interpreter\interpreterRuntime.cpp, line 366]
Event: 0.830 Thread 0x000000001dc08800 Exception <a 'java/lang/ArrayIndexOutOfBoundsException'> (0x000000076b8654a0) thrown at [C:\src\android\AOSP-openjdk\external\jetbrains\jdk\hotspot\src\share\vm\runtime\sharedRuntime.cpp, line 605]
Event: 6.362 Thread 0x000000001dc2d800 Implicit null exception at 0x000000000307dc6a to 0x0000000003080435
Event: 6.367 Thread 0x000000001dc2d800 Implicit null exception at 0x0000000003130f5a to 0x0000000003133169

Events (10 events):
Event: 9.515 Thread 0x000000001dc06800 DEOPT UNPACKING pc=0x00000000029b75bf sp=0x000000001e29e838 mode 0
Event: 9.650 Thread 0x000000001dc06800 DEOPT PACKING pc=0x0000000002d6e4c1 sp=0x000000001e29ee30
Event: 9.650 Thread 0x000000001dc06800 DEOPT UNPACKING pc=0x00000000029b75bf sp=0x000000001e29ebc0 mode 0
Event: 9.664 Thread 0x000000001dc2d800 DEOPT PACKING pc=0x000000000330ae65 sp=0x000000001e09ea00
Event: 9.664 Thread 0x000000001dc2d800 DEOPT UNPACKING pc=0x00000000029b75bf sp=0x000000001e09e7b0 mode 0
Event: 9.711 Thread 0x000000001dc07000 DEOPT PACKING pc=0x0000000002d6e4c1 sp=0x000000001e39ec30
Event: 9.711 Thread 0x000000001dc07000 DEOPT UNPACKING pc=0x00000000029b75bf sp=0x000000001e39e9c0 mode 0
Event: 9.868 Thread 0x000000001dc06800 DEOPT PACKING pc=0x0000000002d56756 sp=0x000000001e29eb60
Event: 9.868 Thread 0x000000001dc06800 DEOPT UNPACKING pc=0x00000000029b75bf sp=0x000000001e29e9a0 mode 0
Event: 9.983 Executing VM operation: ParallelGCFailedAllocation


Dynamic libraries:
0x00007ff736f20000 - 0x00007ff736f51000 	C:\Program Files\Android\Android Studio\jre\bin\java.exe
0x00007ffef74f0000 - 0x00007ffef76cb000 	C:\WINDOWS\SYSTEM32\ntdll.dll
0x00007ffef7430000 - 0x00007ffef74de000 	C:\WINDOWS\System32\KERNEL32.DLL
0x00007ffef4730000 - 0x00007ffef4979000 	C:\WINDOWS\System32\KERNELBASE.dll
0x00007ffef6f60000 - 0x00007ffef7001000 	C:\WINDOWS\System32\ADVAPI32.dll
0x00007ffef4d10000 - 0x00007ffef4dad000 	C:\WINDOWS\System32\msvcrt.dll
0x00007ffef70f0000 - 0x00007ffef7149000 	C:\WINDOWS\System32\sechost.dll
0x00007ffef5390000 - 0x00007ffef54b5000 	C:\WINDOWS\System32\RPCRT4.dll
0x00007ffef4a50000 - 0x00007ffef4b9a000 	C:\WINDOWS\System32\USER32.dll
0x00007ffef49e0000 - 0x00007ffef49fe000 	C:\WINDOWS\System32\win32u.dll
0x00007ffef73d0000 - 0x00007ffef73f7000 	C:\WINDOWS\System32\GDI32.dll
0x00007ffef3be0000 - 0x00007ffef3d68000 	C:\WINDOWS\System32\gdi32full.dll
0x00007ffef4690000 - 0x00007ffef472a000 	C:\WINDOWS\System32\msvcp_win.dll
0x00007ffef4590000 - 0x00007ffef4686000 	C:\WINDOWS\System32\ucrtbase.dll
0x00007ffee35e0000 - 0x00007ffee3847000 	C:\WINDOWS\WinSxS\amd64_microsoft.windows.common-controls_6595b64144ccf1df_6.0.15063.483_none_26002d27e7c744a2\COMCTL32.dll
0x00007ffef4f00000 - 0x00007ffef51f9000 	C:\WINDOWS\System32\combase.dll
0x00007ffef3d70000 - 0x00007ffef3dda000 	C:\WINDOWS\System32\bcryptPrimitives.dll
0x00007ffef7400000 - 0x00007ffef742d000 	C:\WINDOWS\System32\IMM32.DLL
0x000000005e180000 - 0x000000005e252000 	C:\Program Files\Android\Android Studio\jre\jre\bin\msvcr100.dll
0x000000005e340000 - 0x000000005eb7c000 	C:\Program Files\Android\Android Studio\jre\jre\bin\server\jvm.dll
0x00007ffef5200000 - 0x00007ffef5208000 	C:\WINDOWS\System32\PSAPI.DLL
0x00007ffee3a40000 - 0x00007ffee3a49000 	C:\WINDOWS\SYSTEM32\WSOCK32.dll
0x00007ffef1800000 - 0x00007ffef1823000 	C:\WINDOWS\SYSTEM32\WINMM.dll
0x00007ffef52c0000 - 0x00007ffef532c000 	C:\WINDOWS\System32\WS2_32.dll
0x00007ffeefda0000 - 0x00007ffeefdaa000 	C:\WINDOWS\SYSTEM32\VERSION.dll
0x00007ffeefed0000 - 0x00007ffeefefb000 	C:\WINDOWS\SYSTEM32\winmmbase.dll
0x00007ffef4a00000 - 0x00007ffef4a49000 	C:\WINDOWS\System32\cfgmgr32.dll
0x00007ffef1c80000 - 0x00007ffef1c8f000 	C:\Program Files\Android\Android Studio\jre\jre\bin\verify.dll
0x00007ffee9f60000 - 0x00007ffee9f89000 	C:\Program Files\Android\Android Studio\jre\jre\bin\java.dll
0x00007ffee8d80000 - 0x00007ffee8d96000 	C:\Program Files\Android\Android Studio\jre\jre\bin\zip.dll
0x00007ffef5570000 - 0x00007ffef69a6000 	C:\WINDOWS\System32\SHELL32.dll
0x00007ffef5210000 - 0x00007ffef52ba000 	C:\WINDOWS\System32\shcore.dll
0x00007ffef3e90000 - 0x00007ffef4583000 	C:\WINDOWS\System32\windows.storage.dll
0x00007ffef4cb0000 - 0x00007ffef4d01000 	C:\WINDOWS\System32\shlwapi.dll
0x00007ffef3980000 - 0x00007ffef3991000 	C:\WINDOWS\System32\kernel.appcore.dll
0x00007ffef39a0000 - 0x00007ffef39ec000 	C:\WINDOWS\System32\powrprof.dll
0x00007ffef3960000 - 0x00007ffef3975000 	C:\WINDOWS\System32\profapi.dll
0x00007ffef3170000 - 0x00007ffef3319000 	C:\WINDOWS\SYSTEM32\dbghelp.dll

VM Arguments:
jvm_args: -Djava.awt.headless=true -Xmx4g -Dfile.encoding=windows-1252 -Duser.country=US -Duser.language=en -Duser.variant 
java_command: com.android.dx.command.Main --dex --num-threads=4 --multi-dex --output E:\NismwaProject\Nismwa\app\build\intermediates\transforms\dex\debug\folders\1000\1f\main C:\Users\ashis\.android\build-cache\94a000fb815c7ef3f1bd10281458e916269aef51\output\jars\classes.jar C:\Users\ashis\.android\build-cache\33439cb0d9f53302adaf88b347aaaa2e82f11de7\output\jars\classes.jar C:\Users\ashis\.android\build-cache\dfd64e3c5f4a6c09a35bca66341197d634b1a140\output\jars\classes.jar C:\Users\ashis\.android\build-cache\d6d1be44d9ff196294d2c3abdea6be15544c3cb3\output\jars\classes.jar C:\Users\ashis\.android\build-cache\7124cb6af53092fe8c4d1e872600190aa62f6234\output\jars\classes.jar C:\Users\ashis\.gradle\caches\modules-2\files-2.1\com.squareup.picasso\picasso\2.4.0\f36d2d4e3a36b3259aaf9d004d29b4cdc6c1bfb2\picasso-2.4.0.jar C:\Users\ashis\.android\build-cache\26ab1b0aa3267b497c6de31cd060cb9f3beba194\output\jars\classes.jar C:\Users\ashis\.android\build-cache\b5167cdf9e89cd59e41c6651d952f3ab5e52dbe1\output\jars\classes.jar C:\Users\ashis\.android\build-cache\3e2b9af5d583711e6f9c28e88d14f53a7705712f\output\jars\classes.jar C:\Users\ashis\.android\build-cache\4510572cd31f725e62b44878bcaf0494fe73687f\output\jars\classes.jar C:\Users\ashis\.android\build-cache\8dc33c99bc99fce2eaf3b693a0a60258e850f3a9\output\jars\classes.jar C:\Users\ashis\.android\build-cache\4ce497d7797373097aa9746e2845bd74a258c740\output\jars\classes.jar C:\Users\ashis\.android\build-cache\2a165a71b40a62242c604cfb35b33afb925c799e\output\jars\classes.jar C:\Users\ashis\.android\build-cache\b9a180bfdc19aaf5e45e0a4666345aa6e02c3f01\output\jars\classes.jar C:\Users\ashis\.android\build-cache\bfb0834092dd67d3d3873d793271af187dd9368b\output\jars\classes.jar C:\Users\ashis\.android\build-cache\d85585087e7178f07584ac352ee68066b3a943b1\output\jars\classes.jar C:\Users\ashis\.android\build-cache\b2a4060463fb51e51b6af4aa922ea0eb84390bfe\output\jars\classes.jar C:\Users\ashis\.android\build-cache\af445f14d18466262012b581644
java_class_path (initial): F:\Android_SDK\build-tools\25.0.1\lib\dx.jar
Launcher Type: SUN_STANDARD

Environment Variables:
PATH=C:\ProgramData\Oracle\Java\javapath;C:\WINDOWS\system32;C:\WINDOWS;C:\WINDOWS\System32\Wbem;C:\WINDOWS\System32\WindowsPowerShell\v1.0\;C:\Program Files (x86)\Skype\Phone\;C:\Users\ashis\AppData\Local\Microsoft\WindowsApps;
USERNAME=ashis
OS=Windows_NT
PROCESSOR_IDENTIFIER=Intel64 Family 6 Model 60 Stepping 3, GenuineIntel



---------------  S Y S T E M  ---------------

OS: Windows 10.0 , 64 bit Build 15063 (10.0.15063.296)

CPU:total 4 (2 cores per cpu, 2 threads per core) family 6 model 60 stepping 3, cmov, cx8, fxsr, mmx, sse, sse2, sse3, ssse3, sse4.1, sse4.2, popcnt, avx, avx2, aes, clmul, erms, lzcnt, ht, tsc, tscinvbit, bmi1, bmi2

Memory: 4k page, physical 8286144k(3098036k free), swap 10506664k(4104368k free)

vm_info: OpenJDK 64-Bit Server VM (25.112-b06) for windows-amd64 JRE (1.8.0_112-release-b06), built on Dec  8 2016 00:54:26 by "builder" with MS VC++ 10.0 (VS2010)

time: Mon Sep 25 12:27:49 2017
elapsed time: 10 seconds (0d 0h 0m 10s)

