#
# A fatal error has been detected by the Java Runtime Environment:
#
#  EXCEPTION_ACCESS_VIOLATION (0xc0000005) at pc=0x0000000065b7a070, pid=4608, tid=0x00000000000013fc
#
# JRE version: OpenJDK Runtime Environment (8.0_112-b06) (build 1.8.0_112-release-b06)
# Java VM: OpenJDK 64-Bit Server VM (25.112-b06 mixed mode windows-amd64 compressed oops)
# Problematic frame:
# V  [jvm.dll+0x8a070]
#
# Failed to write core dump. Minidumps are not enabled by default on client versions of Windows
#
# If you would like to submit a bug report, please visit:
#   http://bugreport.java.com/bugreport/crash.jsp
#

---------------  T H R E A D  ---------------

Current thread (0x0000000002bda000):  GCTaskThread [stack: 0x0000000012df0000,0x0000000012ef0000] [id=5116]

siginfo: ExceptionCode=0xc0000005, reading address 0x0000000000000008

Registers:
RAX=0x0000000000000000, RBX=0x000000079bc09078, RCX=0x000000079bc09078, RDX=0x0000000000000000
RSP=0x0000000012eef698, RBP=0x00000000120f4681, RSI=0x0000000002cae600, RDI=0x00000006ce8ca858
R8 =0x0000000002cae600, R9 =0x0000000000000011, R10=0x0000000000000008, R11=0x0000000796851040
R12=0x00000000120f4653, R13=0x0000000000000000, R14=0x0000000000000000, R15=0x0000000002bd0690
RIP=0x0000000065b7a070, EFLAGS=0x0000000000010246

Top of Stack: (sp=0x0000000012eef698)
0x0000000012eef698:   0000000065ebac22 000000079fc09058
0x0000000012eef6a8:   0000000000000004 0000000002cae600
0x0000000012eef6b8:   000000078b698e48 0000000796849050
0x0000000012eef6c8:   0000000065ebb36b 0000000002cae600
0x0000000012eef6d8:   0000000065bdcf83 0000000000000000
0x0000000012eef6e8:   0000000002cae600 00000000120f4653
0x0000000012eef6f8:   0000000065ebaf90 000000079684ae44
0x0000000012eef708:   00000000120f4681 0000000002cae600
0x0000000012eef718:   00000006ce8ca858 000000079684ae44
0x0000000012eef728:   0000000065ebbb35 000000079fc06860
0x0000000012eef738:   00000000120f4681 0000000002cae600
0x0000000012eef748:   0000000000000004 0000000002cae600
0x0000000012eef758:   00007fffa92c995f 0000000700000000
0x0000000012eef768:   0000000065bded77 0000000002cae600
0x0000000012eef778:   0000000065bdcf83 00000006cb609005
0x0000000012eef788:   00000006cb609005 00000006ce8ca6c0 

Instructions: (pc=0x0000000065b7a070)
0x0000000065b7a050:   1c 42 1d 00 48 8b 9c 24 c0 00 00 00 48 81 c4 b0
0x0000000065b7a060:   00 00 00 5d c3 cc cc cc cc cc cc cc cc cc cc cc
0x0000000065b7a070:   44 8b 42 08 4c 8b ca 45 85 c0 7e 0e 41 f6 c0 01
0x0000000065b7a080:   75 57 41 c1 f8 03 41 8b c0 c3 79 4d 80 3d de d7 


Register to memory mapping:

RAX=0x0000000000000000 is an unknown value
RBX=0x000000079bc09078 is an unknown value
RCX=0x000000079bc09078 is an unknown value
RDX=0x0000000000000000 is an unknown value
RSP=0x0000000012eef698 is an unknown value
RBP=0x00000000120f4681 is an unknown value
RSI=0x0000000002cae600 is an unknown value
RDI=0x00000006ce8ca858 is an oop
com.android.dx.rop.cst.CstString 
 - klass: 'com/android/dx/rop/cst/CstString'
R8 =0x0000000002cae600 is an unknown value
R9 =0x0000000000000011 is an unknown value
R10=0x0000000000000008 is an unknown value
R11=0x0000000796851040 is an unknown value
R12=0x00000000120f4653 is an unknown value
R13=0x0000000000000000 is an unknown value
R14=0x0000000000000000 is an unknown value
R15=0x0000000002bd0690 is an unknown value


Stack: [0x0000000012df0000,0x0000000012ef0000],  sp=0x0000000012eef698,  free space=1021k
Native frames: (J=compiled Java code, j=interpreted, Vv=VM code, C=native code)
V  [jvm.dll+0x8a070]


---------------  P R O C E S S  ---------------

Java Threads: ( => current thread )
  0x000000001de7d800 JavaThread "pool-2-thread-4" [_thread_blocked, id=9112, stack(0x000000001e5f0000,0x000000001e6f0000)]
  0x000000001de7a800 JavaThread "pool-2-thread-3" [_thread_blocked, id=7804, stack(0x000000001e4f0000,0x000000001e5f0000)]
  0x000000001de62800 JavaThread "pool-2-thread-2" [_thread_blocked, id=7152, stack(0x000000001e3f0000,0x000000001e4f0000)]
  0x000000001de59800 JavaThread "pool-3-thread-1" [_thread_blocked, id=8668, stack(0x000000001e2f0000,0x000000001e3f0000)]
  0x000000001de55000 JavaThread "pool-2-thread-1" [_thread_blocked, id=9584, stack(0x000000001e1f0000,0x000000001e2f0000)]
  0x000000001dc13000 JavaThread "Service Thread" daemon [_thread_blocked, id=6624, stack(0x000000001dff0000,0x000000001e0f0000)]
  0x000000001c395800 JavaThread "C1 CompilerThread2" daemon [_thread_blocked, id=8784, stack(0x000000001daf0000,0x000000001dbf0000)]
  0x000000001c392000 JavaThread "C2 CompilerThread1" daemon [_thread_blocked, id=8552, stack(0x000000001d9f0000,0x000000001daf0000)]
  0x000000001c38f000 JavaThread "C2 CompilerThread0" daemon [_thread_blocked, id=8504, stack(0x000000001d8f0000,0x000000001d9f0000)]
  0x000000001c38e000 JavaThread "Attach Listener" daemon [_thread_blocked, id=2436, stack(0x000000001d7f0000,0x000000001d8f0000)]
  0x000000001c38c800 JavaThread "Signal Dispatcher" daemon [_thread_blocked, id=9316, stack(0x000000001d6f0000,0x000000001d7f0000)]
  0x0000000002cbe000 JavaThread "Finalizer" daemon [_thread_blocked, id=3696, stack(0x000000001d5f0000,0x000000001d6f0000)]
  0x0000000002cb5800 JavaThread "Reference Handler" daemon [_thread_blocked, id=7116, stack(0x000000001d4f0000,0x000000001d5f0000)]
  0x0000000002bc3800 JavaThread "main" [_thread_blocked, id=9476, stack(0x0000000002ac0000,0x0000000002bc0000)]

Other Threads:
  0x000000001c355000 VMThread [stack: 0x000000001d3f0000,0x000000001d4f0000] [id=508]
  0x000000001c3ee000 WatcherThread [stack: 0x000000001e0f0000,0x000000001e1f0000] [id=8836]

=>0x0000000002bda000 (exited) GCTaskThread [stack: 0x0000000012df0000,0x0000000012ef0000] [id=5116]

VM state:at safepoint (normal execution)

VM Mutex/Monitor currently owned by a thread:  ([mutex/lock_event])
[0x0000000002bc0550] Threads_lock - owner thread: 0x000000001c355000
[0x0000000002bc0a50] Heap_lock - owner thread: 0x000000001de62800

Heap:
 PSYoungGen      total 793600K, used 718223K [0x000000076ab00000, 0x00000007ac900000, 0x00000007c0000000)
  eden space 556544K, 100% used [0x000000076ab00000,0x000000078ca80000,0x000000078ca80000)
  from space 237056K, 68% used [0x000000079bf00000,0x00000007a5ce3e88,0x00000007aa680000)
  to   space 250368K, 89% used [0x000000078ca80000,0x000000079a57c5a8,0x000000079bf00000)
 ParOldGen       total 605696K, used 419921K [0x00000006c0000000, 0x00000006e4f80000, 0x000000076ab00000)
  object space 605696K, 69% used [0x00000006c0000000,0x00000006d9a14538,0x00000006e4f80000)
 Metaspace       used 6593K, capacity 7282K, committed 7552K, reserved 1056768K
  class space    used 601K, capacity 618K, committed 640K, reserved 1048576K

Card table byte_map: [0x0000000012080000,0x0000000012890000] byte_map_base: 0x000000000ea80000

Marking Bits: (ParMarkBitMap*) 0x00000000662b18f0
 Begin Bits: [0x00000000131f0000, 0x00000000171f0000)
 End Bits:   [0x00000000171f0000, 0x000000001b1f0000)

Polling page: 0x00000000027e0000

CodeCache: size=245760Kb used=11300Kb max_used=12136Kb free=234459Kb
 bounds [0x0000000002cc0000, 0x00000000038e0000, 0x0000000011cc0000]
 total_blobs=2563 nmethods=2293 adapters=183
 compilation: enabled

Compilation events (10 events):
Event: 14.714 Thread 0x000000001c395800 2729 %     2       com.android.dx.ssa.SsaMethod::deleteInsns @ 8 (239 bytes)
Event: 14.716 Thread 0x000000001c395800 nmethod 2729% 0x0000000002eaabd0 code [0x0000000002eaaea0, 0x0000000002eabbe8]
Event: 14.835 Thread 0x000000001c395800 2732       2       com.android.dx.rop.annotation.Annotations::combine (24 bytes)
Event: 14.835 Thread 0x000000001c395800 nmethod 2732 0x0000000003278a10 code [0x0000000003278b80, 0x0000000003278dd8]
Event: 14.867 Thread 0x000000001c392000 nmethod 2710 0x0000000002f6df50 code [0x0000000002f6e520, 0x0000000002f73be8]
Event: 14.867 Thread 0x000000001c392000 2733       4       com.android.dx.dex.code.RopTranslator::outputInstructions (69 bytes)
Event: 14.871 Thread 0x000000001c392000 nmethod 2733 0x0000000002ebd8d0 code [0x0000000002ebda40, 0x0000000002ebddc8]
Event: 14.871 Thread 0x000000001c392000 2730 %     4       com.android.dx.ssa.SsaMethod::deleteInsns @ 8 (239 bytes)
Event: 14.877 Thread 0x000000001c395800 2734       2       com.android.dx.rop.code.AccessFlags::isAnnotation (14 bytes)
Event: 14.877 Thread 0x000000001c395800 nmethod 2734 0x0000000003467550 code [0x00000000034676a0, 0x00000000034677f0]

GC Heap History (10 events):
Event: 9.333 GC heap after
Heap after GC invocations=13 (full 2):
 PSYoungGen      total 564224K, used 116217K [0x000000076ab00000, 0x00000007a0080000, 0x00000007c0000000)
  eden space 448000K, 0% used [0x000000076ab00000,0x000000076ab00000,0x0000000786080000)
  from space 116224K, 99% used [0x0000000786080000,0x000000078d1fe6a0,0x000000078d200000)
  to   space 173568K, 0% used [0x0000000795700000,0x0000000795700000,0x00000007a0080000)
 ParOldGen       total 376832K, used 319255K [0x00000006c0000000, 0x00000006d7000000, 0x000000076ab00000)
  object space 376832K, 84% used [0x00000006c0000000,0x00000006d37c5f48,0x00000006d7000000)
 Metaspace       used 6584K, capacity 7282K, committed 7552K, reserved 1056768K
  class space    used 600K, capacity 618K, committed 640K, reserved 1048576K
}
Event: 9.333 GC heap before
{Heap before GC invocations=14 (full 3):
 PSYoungGen      total 564224K, used 116217K [0x000000076ab00000, 0x00000007a0080000, 0x00000007c0000000)
  eden space 448000K, 0% used [0x000000076ab00000,0x000000076ab00000,0x0000000786080000)
  from space 116224K, 99% used [0x0000000786080000,0x000000078d1fe6a0,0x000000078d200000)
  to   space 173568K, 0% used [0x0000000795700000,0x0000000795700000,0x00000007a0080000)
 ParOldGen       total 376832K, used 319255K [0x00000006c0000000, 0x00000006d7000000, 0x000000076ab00000)
  object space 376832K, 84% used [0x00000006c0000000,0x00000006d37c5f48,0x00000006d7000000)
 Metaspace       used 6584K, capacity 7282K, committed 7552K, reserved 1056768K
  class space    used 600K, capacity 618K, committed 640K, reserved 1048576K
Event: 10.306 GC heap after
Heap after GC invocations=14 (full 3):
 PSYoungGen      total 564224K, used 46047K [0x000000076ab00000, 0x00000007a0080000, 0x00000007c0000000)
  eden space 448000K, 0% used [0x000000076ab00000,0x000000076ab00000,0x0000000786080000)
  from space 116224K, 39% used [0x0000000786080000,0x0000000788d77e78,0x000000078d200000)
  to   space 173568K, 0% used [0x0000000795700000,0x0000000795700000,0x00000007a0080000)
 ParOldGen       total 605696K, used 376537K [0x00000006c0000000, 0x00000006e4f80000, 0x000000076ab00000)
  object space 605696K, 62% used [0x00000006c0000000,0x00000006d6fb6538,0x00000006e4f80000)
 Metaspace       used 6584K, capacity 7282K, committed 7552K, reserved 1056768K
  class space    used 600K, capacity 618K, committed 640K, reserved 1048576K
}
Event: 11.342 GC heap before
{Heap before GC invocations=15 (full 3):
 PSYoungGen      total 564224K, used 494047K [0x000000076ab00000, 0x00000007a0080000, 0x00000007c0000000)
  eden space 448000K, 100% used [0x000000076ab00000,0x0000000786080000,0x0000000786080000)
  from space 116224K, 39% used [0x0000000786080000,0x0000000788d77e78,0x000000078d200000)
  to   space 173568K, 0% used [0x0000000795700000,0x0000000795700000,0x00000007a0080000)
 ParOldGen       total 605696K, used 376537K [0x00000006c0000000, 0x00000006e4f80000, 0x000000076ab00000)
  object space 605696K, 62% used [0x00000006c0000000,0x00000006d6fb6538,0x00000006e4f80000)
 Metaspace       used 6585K, capacity 7282K, committed 7552K, reserved 1056768K
  class space    used 600K, capacity 618K, committed 640K, reserved 1048576K
Event: 11.502 GC heap after
Heap after GC invocations=15 (full 3):
 PSYoungGen      total 670208K, used 172735K [0x000000076ab00000, 0x00000007a2b80000, 0x00000007c0000000)
  eden space 496640K, 0% used [0x000000076ab00000,0x000000076ab00000,0x0000000789000000)
  from space 173568K, 99% used [0x0000000795700000,0x000000079ffafe50,0x00000007a0080000)
  to   space 203776K, 0% used [0x0000000789000000,0x0000000789000000,0x0000000795700000)
 ParOldGen       total 605696K, used 419921K [0x00000006c0000000, 0x00000006e4f80000, 0x000000076ab00000)
  object space 605696K, 69% used [0x00000006c0000000,0x00000006d9a14538,0x00000006e4f80000)
 Metaspace       used 6585K, capacity 7282K, committed 7552K, reserved 1056768K
  class space    used 600K, capacity 618K, committed 640K, reserved 1048576K
}
Event: 12.578 GC heap before
{Heap before GC invocations=16 (full 3):
 PSYoungGen      total 670208K, used 669375K [0x000000076ab00000, 0x00000007a2b80000, 0x00000007c0000000)
  eden space 496640K, 100% used [0x000000076ab00000,0x0000000789000000,0x0000000789000000)
  from space 173568K, 99% used [0x0000000795700000,0x000000079ffafe50,0x00000007a0080000)
  to   space 203776K, 0% used [0x0000000789000000,0x0000000789000000,0x0000000795700000)
 ParOldGen       total 605696K, used 419921K [0x00000006c0000000, 0x00000006e4f80000, 0x000000076ab00000)
  object space 605696K, 69% used [0x00000006c0000000,0x00000006d9a14538,0x00000006e4f80000)
 Metaspace       used 6585K, capacity 7282K, committed 7552K, reserved 1056768K
  class space    used 600K, capacity 618K, committed 640K, reserved 1048576K
Event: 12.710 GC heap after
Heap after GC invocations=16 (full 3):
 PSYoungGen      total 700416K, used 197371K [0x000000076ab00000, 0x00000007aa680000, 0x00000007c0000000)
  eden space 496640K, 0% used [0x000000076ab00000,0x000000076ab00000,0x0000000789000000)
  from space 203776K, 96% used [0x0000000789000000,0x00000007950bef28,0x0000000795700000)
  to   space 237056K, 0% used [0x000000079bf00000,0x000000079bf00000,0x00000007aa680000)
 ParOldGen       total 605696K, used 419921K [0x00000006c0000000, 0x00000006e4f80000, 0x000000076ab00000)
  object space 605696K, 69% used [0x00000006c0000000,0x00000006d9a14538,0x00000006e4f80000)
 Metaspace       used 6585K, capacity 7282K, committed 7552K, reserved 1056768K
  class space    used 600K, capacity 618K, committed 640K, reserved 1048576K
}
Event: 13.683 GC heap before
{Heap before GC invocations=17 (full 3):
 PSYoungGen      total 700416K, used 694011K [0x000000076ab00000, 0x00000007aa680000, 0x00000007c0000000)
  eden space 496640K, 100% used [0x000000076ab00000,0x0000000789000000,0x0000000789000000)
  from space 203776K, 96% used [0x0000000789000000,0x00000007950bef28,0x0000000795700000)
  to   space 237056K, 0% used [0x000000079bf00000,0x000000079bf00000,0x00000007aa680000)
 ParOldGen       total 605696K, used 419921K [0x00000006c0000000, 0x00000006e4f80000, 0x000000076ab00000)
  object space 605696K, 69% used [0x00000006c0000000,0x00000006d9a14538,0x00000006e4f80000)
 Metaspace       used 6591K, capacity 7282K, committed 7552K, reserved 1056768K
  class space    used 601K, capacity 618K, committed 640K, reserved 1048576K
Event: 13.848 GC heap after
Heap after GC invocations=17 (full 3):
 PSYoungGen      total 793600K, used 161679K [0x000000076ab00000, 0x00000007ac900000, 0x00000007c0000000)
  eden space 556544K, 0% used [0x000000076ab00000,0x000000076ab00000,0x000000078ca80000)
  from space 237056K, 68% used [0x000000079bf00000,0x00000007a5ce3e88,0x00000007aa680000)
  to   space 250368K, 0% used [0x000000078ca80000,0x000000078ca80000,0x000000079bf00000)
 ParOldGen       total 605696K, used 419921K [0x00000006c0000000, 0x00000006e4f80000, 0x000000076ab00000)
  object space 605696K, 69% used [0x00000006c0000000,0x00000006d9a14538,0x00000006e4f80000)
 Metaspace       used 6591K, capacity 7282K, committed 7552K, reserved 1056768K
  class space    used 601K, capacity 618K, committed 640K, reserved 1048576K
}
Event: 14.880 GC heap before
{Heap before GC invocations=18 (full 3):
 PSYoungGen      total 793600K, used 718223K [0x000000076ab00000, 0x00000007ac900000, 0x00000007c0000000)
  eden space 556544K, 100% used [0x000000076ab00000,0x000000078ca80000,0x000000078ca80000)
  from space 237056K, 68% used [0x000000079bf00000,0x00000007a5ce3e88,0x00000007aa680000)
  to   space 250368K, 0% used [0x000000078ca80000,0x000000078ca80000,0x000000079bf00000)
 ParOldGen       total 605696K, used 419921K [0x00000006c0000000, 0x00000006e4f80000, 0x000000076ab00000)
  object space 605696K, 69% used [0x00000006c0000000,0x00000006d9a14538,0x00000006e4f80000)
 Metaspace       used 6593K, capacity 7282K, committed 7552K, reserved 1056768K
  class space    used 601K, capacity 618K, committed 640K, reserved 1048576K

Deoptimization events (10 events):
Event: 13.080 Thread 0x000000001de7a800 Uncommon trap: reason=unstable_if action=reinterpret pc=0x00000000034edbcc method=com.android.dx.cf.code.RopperMachine.run(Lcom/android/dx/cf/code/Frame;II)V @ 1148
Event: 13.618 Thread 0x000000001de7d800 Uncommon trap: reason=class_check action=maybe_recompile pc=0x0000000003791490 method=com.android.dx.ssa.ConstCollector.getConstsSortedByCountUse()Ljava/util/ArrayList; @ 331
Event: 13.677 Thread 0x000000001de7a800 Uncommon trap: reason=unstable_if action=reinterpret pc=0x000000000381b518 method=com.android.dx.dex.code.OutputFinisher.hasLocalInfo(Lcom/android/dx/dex/code/DalvInsn;)Z @ 24
Event: 14.210 Thread 0x000000001de7a800 Uncommon trap: reason=class_check action=maybe_recompile pc=0x00000000036a2af4 method=com.android.dx.ssa.DomFront.calcDomFronts()V @ 101
Event: 14.213 Thread 0x000000001de7a800 Uncommon trap: reason=predicate action=maybe_recompile pc=0x00000000037e2d30 method=com.android.dx.ssa.SsaConverter.placePhiFunctions(Lcom/android/dx/ssa/SsaMethod;Lcom/android/dx/ssa/LocalVariableInfo;I)V @ 274
Event: 14.522 Thread 0x000000001de7d800 Uncommon trap: reason=class_check action=maybe_recompile pc=0x0000000003791490 method=com.android.dx.ssa.ConstCollector.getConstsSortedByCountUse()Ljava/util/ArrayList; @ 331
Event: 14.522 Thread 0x000000001de7d800 Uncommon trap: reason=unstable_if action=reinterpret pc=0x0000000003896ec8 method=java.util.HashMap$TreeNode.find(ILjava/lang/Object;Ljava/lang/Class;)Ljava/util/HashMap$TreeNode; @ 58
Event: 14.607 Thread 0x000000001de7a800 Uncommon trap: reason=unstable_if action=reinterpret pc=0x00000000031e2990 method=com.android.dx.ssa.SsaMethod.deleteInsns(Ljava/util/Set;)V @ 130
Event: 14.607 Thread 0x000000001de7a800 Uncommon trap: reason=unstable_if action=reinterpret pc=0x00000000035ecc58 method=com.android.dx.ssa.PhiInsn.getSources()Lcom/android/dx/rop/code/RegisterSpecList; @ 19
Event: 14.607 Thread 0x000000001de7a800 Uncommon trap: reason=unstable_if action=reinterpret pc=0x00000000037a583c method=com.android.dx.ssa.PhiInsn.getSources()Lcom/android/dx/rop/code/RegisterSpecList; @ 19

Internal exceptions (6 events):
Event: 0.038 Thread 0x0000000002bc3800 Exception <a 'java/lang/NoSuchMethodError': Method sun.misc.Unsafe.defineClass(Ljava/lang/String;[BII)Ljava/lang/Class; name or signature does not match> (0x000000076ab07c78) thrown at [C:\src\android\AOSP-openjdk\external\jetbrains\jdk\hotspot\src\share\v«R¹£?
Event: 0.039 Thread 0x0000000002bc3800 Exception <a 'java/lang/NoSuchMethodError': Method sun.misc.Unsafe.prefetchRead(Ljava/lang/Object;J)V name or signature does not match> (0x000000076ab07f60) thrown at [C:\src\android\AOSP-openjdk\external\jetbrains\jdk\hotspot\src\share\vm\prims\jni.cpp, lE.	GVÙó?
Event: 1.241 Thread 0x000000001de62800 Exception <a 'java/lang/ArrayIndexOutOfBoundsException': 18> (0x000000076d7f5ac8) thrown at [C:\src\android\AOSP-openjdk\external\jetbrains\jdk\hotspot\src\share\vm\interpreter\interpreterRuntime.cpp, line 366]
Event: 1.241 Thread 0x000000001de62800 Exception <a 'java/lang/ArrayIndexOutOfBoundsException'> (0x000000076d7f7648) thrown at [C:\src\android\AOSP-openjdk\external\jetbrains\jdk\hotspot\src\share\vm\runtime\sharedRuntime.cpp, line 605]
Event: 1.242 Thread 0x000000001de62800 Exception <a 'java/lang/ArrayIndexOutOfBoundsException'> (0x000000076d7f8930) thrown at [C:\src\android\AOSP-openjdk\external\jetbrains\jdk\hotspot\src\share\vm\runtime\sharedRuntime.cpp, line 605]
Event: 2.239 Thread 0x0000000002bc3800 Implicit null exception at 0x00000000034ba6ca to 0x00000000034bbefd

Events (10 events):
Event: 14.854 Thread 0x000000001de7a800 DEOPT UNPACKING pc=0x0000000002d075bf sp=0x000000001e5ee920 mode 0
Event: 14.866 Thread 0x000000001de55000 DEOPT PACKING pc=0x000000000340a095 sp=0x000000001e2ee7d0
Event: 14.866 Thread 0x000000001de55000 DEOPT UNPACKING pc=0x0000000002d075bf sp=0x000000001e2ee5b0 mode 0
Event: 14.870 Thread 0x000000001de7d800 DEOPT PACKING pc=0x000000000340a095 sp=0x000000001e6eed60
Event: 14.870 Thread 0x000000001de7d800 DEOPT UNPACKING pc=0x0000000002d075bf sp=0x000000001e6eeb40 mode 0
Event: 14.874 Thread 0x000000001de55000 DEOPT PACKING pc=0x000000000340a095 sp=0x000000001e2ee7d0
Event: 14.874 Thread 0x000000001de55000 DEOPT UNPACKING pc=0x0000000002d075bf sp=0x000000001e2ee5b0 mode 0
Event: 14.878 Thread 0x000000001de7a800 DEOPT PACKING pc=0x000000000340a095 sp=0x000000001e5eeb90
Event: 14.879 Thread 0x000000001de7a800 DEOPT UNPACKING pc=0x0000000002d075bf sp=0x000000001e5ee970 mode 0
Event: 14.880 Executing VM operation: ParallelGCFailedAllocation


Dynamic libraries:
0x00007ff71b950000 - 0x00007ff71b981000 	C:\Program Files\Android\Android Studio\jre\bin\java.exe
0x00007fffac2c0000 - 0x00007fffac49b000 	C:\WINDOWS\SYSTEM32\ntdll.dll
0x00007fffa9ae0000 - 0x00007fffa9b8e000 	C:\WINDOWS\System32\KERNEL32.DLL
0x00007fffa9290000 - 0x00007fffa94d9000 	C:\WINDOWS\System32\KERNELBASE.dll
0x00007fffaaa30000 - 0x00007fffaaad1000 	C:\WINDOWS\System32\ADVAPI32.dll
0x00007fffaa990000 - 0x00007fffaaa2d000 	C:\WINDOWS\System32\msvcrt.dll
0x00007fffac220000 - 0x00007fffac279000 	C:\WINDOWS\System32\sechost.dll
0x00007fffa9840000 - 0x00007fffa9965000 	C:\WINDOWS\System32\RPCRT4.dll
0x00007fffabff0000 - 0x00007fffac13a000 	C:\WINDOWS\System32\USER32.dll
0x00007fffa87e0000 - 0x00007fffa87fe000 	C:\WINDOWS\System32\win32u.dll
0x00007fffaa090000 - 0x00007fffaa0b7000 	C:\WINDOWS\System32\GDI32.dll
0x00007fffa90b0000 - 0x00007fffa9237000 	C:\WINDOWS\System32\gdi32full.dll
0x00007fffa8800000 - 0x00007fffa889a000 	C:\WINDOWS\System32\msvcp_win.dll
0x00007fffa9720000 - 0x00007fffa9816000 	C:\WINDOWS\System32\ucrtbase.dll
0x00007fff95740000 - 0x00007fff959a7000 	C:\WINDOWS\WinSxS\amd64_microsoft.windows.common-controls_6595b64144ccf1df_6.0.15063.483_none_26002d27e7c744a2\COMCTL32.dll
0x00007fffaa4f0000 - 0x00007fffaa7e9000 	C:\WINDOWS\System32\combase.dll
0x00007fffa96b0000 - 0x00007fffa971a000 	C:\WINDOWS\System32\bcryptPrimitives.dll
0x00007fffac290000 - 0x00007fffac2bd000 	C:\WINDOWS\System32\IMM32.DLL
0x0000000065930000 - 0x0000000065a02000 	C:\Program Files\Android\Android Studio\jre\jre\bin\msvcr100.dll
0x0000000065af0000 - 0x000000006632c000 	C:\Program Files\Android\Android Studio\jre\jre\bin\server\jvm.dll
0x00007fffaa080000 - 0x00007fffaa088000 	C:\WINDOWS\System32\PSAPI.DLL
0x00007fff96460000 - 0x00007fff96469000 	C:\WINDOWS\SYSTEM32\WSOCK32.dll
0x00007fffa8430000 - 0x00007fffa8453000 	C:\WINDOWS\SYSTEM32\WINMM.dll
0x00007fffaa270000 - 0x00007fffaa2dc000 	C:\WINDOWS\System32\WS2_32.dll
0x00007fffa6af0000 - 0x00007fffa6afa000 	C:\WINDOWS\SYSTEM32\VERSION.dll
0x00007fffa83f0000 - 0x00007fffa841b000 	C:\WINDOWS\SYSTEM32\winmmbase.dll
0x00007fffa9240000 - 0x00007fffa9289000 	C:\WINDOWS\System32\cfgmgr32.dll
0x00007fff9e1d0000 - 0x00007fff9e1df000 	C:\Program Files\Android\Android Studio\jre\jre\bin\verify.dll
0x00007fff99860000 - 0x00007fff99889000 	C:\Program Files\Android\Android Studio\jre\jre\bin\java.dll
0x00007fff9d660000 - 0x00007fff9d676000 	C:\Program Files\Android\Android Studio\jre\jre\bin\zip.dll
0x00007fffaabb0000 - 0x00007fffabfe7000 	C:\WINDOWS\System32\SHELL32.dll
0x00007fffa9b90000 - 0x00007fffa9c3a000 	C:\WINDOWS\System32\shcore.dll
0x00007fffa89b0000 - 0x00007fffa90a1000 	C:\WINDOWS\System32\windows.storage.dll
0x00007fffac1c0000 - 0x00007fffac211000 	C:\WINDOWS\System32\shlwapi.dll
0x00007fffa87a0000 - 0x00007fffa87b1000 	C:\WINDOWS\System32\kernel.appcore.dll
0x00007fffa8730000 - 0x00007fffa877c000 	C:\WINDOWS\System32\powrprof.dll
0x00007fffa87c0000 - 0x00007fffa87d5000 	C:\WINDOWS\System32\profapi.dll
0x00007fffa8240000 - 0x00007fffa83e9000 	C:\WINDOWS\SYSTEM32\dbghelp.dll

VM Arguments:
jvm_args: -Djava.awt.headless=true -Xmx4g -Dfile.encoding=windows-1252 -Duser.country=US -Duser.language=en -Duser.variant 
java_command: com.android.dx.command.Main --dex --num-threads=4 --multi-dex --output E:\NismwaProject\Nismwa\app\build\intermediates\transforms\dex\debug\folders\1000\1f\main C:\Users\ashis\.android\build-cache\f12154b7fa074672d8b087e3a3a2a82cbae28cab\output\jars\classes.jar C:\Users\ashis\.android\build-cache\18438fd1f20d65dc261ca8152de596ee0fd1e0b8\output\jars\classes.jar C:\Users\ashis\.android\build-cache\258cc84e6f086a175b0e35cde1e3b0bfa883b4ee\output\jars\classes.jar C:\Users\ashis\.android\build-cache\657bc07bf022082e11c42c635b7e223b53396aec\output\jars\classes.jar C:\Users\ashis\.android\build-cache\7e8fe195242d017769acb6e3f4aeb462bd742654\output\jars\classes.jar C:\Users\ashis\.android\build-cache\d930ad5a3f5349020563c75495d7b8aa4e522490\output\jars\classes.jar C:\Users\ashis\.android\build-cache\19286b957717412dece13d4679ea766f9a08cb5d\output\jars\classes.jar C:\Users\ashis\.gradle\caches\modules-2\files-2.1\com.squareup.picasso\picasso\2.4.0\f36d2d4e3a36b3259aaf9d004d29b4cdc6c1bfb2\picasso-2.4.0.jar C:\Users\ashis\.android\build-cache\cc79805c58124bc56379c68ef5294a354aee00dc\output\jars\classes.jar C:\Users\ashis\.android\build-cache\4c2b51890384616984aa8e248da25b13e83e9a05\output\jars\classes.jar C:\Users\ashis\.android\build-cache\4b8aea7d96c223e5c7d2a893b66ef21d9b2b227d\output\jars\classes.jar C:\Users\ashis\.android\build-cache\b93c6856ab824c0f14af024a538ffba5c7f31914\output\jars\classes.jar C:\Users\ashis\.android\build-cache\d85585087e7178f07584ac352ee68066b3a943b1\output\jars\classes.jar C:\Users\ashis\.android\build-cache\f192c18ee67024e791ed59f0d02a64edd6a29792\output\jars\classes.jar C:\Users\ashis\.android\build-cache\bedb3b67711e1e726a4c6baa5050853bb00158c1\output\jars\classes.jar C:\Users\ashis\.android\build-cache\12bc7227a79fe42294aec26821ea6100f036a62e\output\jars\classes.jar C:\Users\ashis\.android\build-cache\44d2fc9596c4ae798c44fc65f8bf349aa7405217\output\jars\classes.jar C:\Users\ashis\.android\build-cache\f792371bf33f4a2399319b53f07
java_class_path (initial): F:\Android\build-tools\25.0.1\lib\dx.jar
Launcher Type: SUN_STANDARD

Environment Variables:
PATH=C:\ProgramData\Oracle\Java\javapath;C:\WINDOWS\system32;C:\WINDOWS;C:\WINDOWS\System32\Wbem;C:\WINDOWS\System32\WindowsPowerShell\v1.0\;C:\Program Files (x86)\Skype\Phone\;C:\Program Files\Git\cmd;C:\Program Files\Java\jdk1.8.0_151\bin;
USERNAME=ashis
OS=Windows_NT
PROCESSOR_IDENTIFIER=Intel64 Family 6 Model 60 Stepping 3, GenuineIntel



---------------  S Y S T E M  ---------------

OS: Windows 10.0 , 64 bit Build 15063 (10.0.15063.296)

CPU:total 4 (2 cores per cpu, 2 threads per core) family 6 model 60 stepping 3, cmov, cx8, fxsr, mmx, sse, sse2, sse3, ssse3, sse4.1, sse4.2, popcnt, avx, avx2, aes, clmul, erms, lzcnt, ht, tsc, tscinvbit, bmi1, bmi2

Memory: 4k page, physical 8286144k(2740436k free), swap 10317760k(2961100k free)

vm_info: OpenJDK 64-Bit Server VM (25.112-b06) for windows-amd64 JRE (1.8.0_112-release-b06), built on Dec  8 2016 00:54:26 by "builder" with MS VC++ 10.0 (VS2010)

time: Thu Dec 21 13:20:24 2017
elapsed time: 15 seconds (0d 0h 0m 15s)

